<?xml version="1.0" encoding="UTF-8"?>
<!-- Generated by org.testng.reporters.JUnitReportReporter -->
<testsuite hostname="Home" name="com.guru99.demo.TestCase.LoginPageTest" tests="2" failures="0" timestamp="7 Apr 2019 15:44:21 GMT" time="39.323" errors="0">
  <testcase name="verifyLogin" time="17.354" classname="com.guru99.demo.TestCase.LoginPageTest"/>
  <testcase name="verifyReset" time="21.969" classname="com.guru99.demo.TestCase.LoginPageTest"/>
</testsuite> <!-- com.guru99.demo.TestCase.LoginPageTest -->
