<?xml version="1.0" encoding="UTF-8"?>
<!-- Generated by org.testng.reporters.JUnitReportReporter -->
<testsuite hostname="Home" name="com.guru99.demo.TestCase.LoginPageTest" tests="2" failures="0" timestamp="3 Apr 2019 14:51:12 GMT" time="34.315" errors="0">
  <testcase name="verifyLogin" time="23.270" classname="com.guru99.demo.TestCase.LoginPageTest"/>
  <testcase name="verifyReset" time="11.045" classname="com.guru99.demo.TestCase.LoginPageTest"/>
</testsuite> <!-- com.guru99.demo.TestCase.LoginPageTest -->
